# JRE version: Java(TM) SE Runtime Environment (8.0_201-b09) (build 1.8.0_201-b09)
# Java VM: Java HotSpot(TM) 64-Bit Server VM (25.201-b09 mixed mode linux-amd64 compressed oops)
Heap:
 PSYoungGen      total 264704K, used 6234K [0x00000000e6500000, 0x00000000f7d80000, 0x0000000100000000)
  eden space 251904K, 0% used [0x00000000e6500000,0x00000000e6500000,0x00000000f5b00000)
  from space 12800K, 48% used [0x00000000f5b00000,0x00000000f6116930,0x00000000f6780000)
  to   space 12800K, 0% used [0x00000000f6780000,0x00000000f6780000,0x00000000f7400000)
 ParOldGen       total 53760K, used 27375K [0x00000000b2e00000, 0x00000000b6280000, 0x00000000e6500000)
  object space 53760K, 50% used [0x00000000b2e00000,0x00000000b48bbf60,0x00000000b6280000)
 Metaspace       used 31343K, capacity 32154K, committed 32432K, reserved 1077248K
  class space    used 3715K, capacity 3967K, committed 4016K, reserved 1048576K
GC Heap History (10 events):
Event: 7.701 GC heap after
Heap after GC invocations=9 (full 1):
 PSYoungGen      total 136704K, used 7270K [0x00000000e6500000, 0x00000000f1800000, 0x0000000100000000)
  eden space 129024K, 0% used [0x00000000e6500000,0x00000000e6500000,0x00000000ee300000)
  from space 7680K, 94% used [0x00000000f1080000,0x00000000f1799ae0,0x00000000f1800000)
  to   space 11776K, 0% used [0x00000000f0100000,0x00000000f0100000,0x00000000f0c80000)
 ParOldGen       total 53760K, used 16505K [0x00000000b2e00000, 0x00000000b6280000, 0x00000000e6500000)
  object space 53760K, 30% used [0x00000000b2e00000,0x00000000b3e1e7e0,0x00000000b6280000)
 Metaspace       used 24369K, capacity 24742K, committed 25136K, reserved 1071104K
  class space    used 2897K, capacity 2995K, committed 3120K, reserved 1048576K
}
Event: 8.957 GC heap before
{Heap before GC invocations=10 (full 1):
 PSYoungGen      total 136704K, used 136294K [0x00000000e6500000, 0x00000000f1800000, 0x0000000100000000)
  eden space 129024K, 100% used [0x00000000e6500000,0x00000000ee300000,0x00000000ee300000)
  from space 7680K, 94% used [0x00000000f1080000,0x00000000f1799ae0,0x00000000f1800000)
  to   space 11776K, 0% used [0x00000000f0100000,0x00000000f0100000,0x00000000f0c80000)
 ParOldGen       total 53760K, used 16505K [0x00000000b2e00000, 0x00000000b6280000, 0x00000000e6500000)
  object space 53760K, 30% used [0x00000000b2e00000,0x00000000b3e1e7e0,0x00000000b6280000)
 Metaspace       used 27208K, capacity 27662K, committed 27952K, reserved 1073152K
  class space    used 3240K, capacity 3367K, committed 3376K, reserved 1048576K
Event: 9.022 GC heap after
Heap after GC invocations=10 (full 1):
 PSYoungGen      total 171520K, used 10841K [0x00000000e6500000, 0x00000000f2e00000, 0x0000000100000000)
  eden space 159744K, 0% used [0x00000000e6500000,0x00000000e6500000,0x00000000f0100000)
  from space 11776K, 92% used [0x00000000f0100000,0x00000000f0b96650,0x00000000f0c80000)
  to   space 12800K, 0% used [0x00000000f2180000,0x00000000f2180000,0x00000000f2e00000)
 ParOldGen       total 53760K, used 16513K [0x00000000b2e00000, 0x00000000b6280000, 0x00000000e6500000)
  object space 53760K, 30% used [0x00000000b2e00000,0x00000000b3e207e0,0x00000000b6280000)
 Metaspace       used 27208K, capacity 27662K, committed 27952K, reserved 1073152K
  class space    used 3240K, capacity 3367K, committed 3376K, reserved 1048576K
}
Event: 9.483 GC heap before
{Heap before GC invocations=11 (full 1):
 PSYoungGen      total 171520K, used 170585K [0x00000000e6500000, 0x00000000f2e00000, 0x0000000100000000)
  eden space 159744K, 100% used [0x00000000e6500000,0x00000000f0100000,0x00000000f0100000)
  from space 11776K, 92% used [0x00000000f0100000,0x00000000f0b96650,0x00000000f0c80000)
  to   space 12800K, 0% used [0x00000000f2180000,0x00000000f2180000,0x00000000f2e00000)
 ParOldGen       total 53760K, used 16513K [0x00000000b2e00000, 0x00000000b6280000, 0x00000000e6500000)
  object space 53760K, 30% used [0x00000000b2e00000,0x00000000b3e207e0,0x00000000b6280000)
 Metaspace       used 27447K, capacity 27982K, committed 28208K, reserved 1075200K
  class space    used 3248K, capacity 3367K, committed 3376K, reserved 1048576K
Event: 9.506 GC heap after
Heap after GC invocations=11 (full 1):
 PSYoungGen      total 193024K, used 4920K [0x00000000e6500000, 0x00000000f5c00000, 0x0000000100000000)
  eden space 180224K, 0% used [0x00000000e6500000,0x00000000e6500000,0x00000000f1500000)
  from space 12800K, 38% used [0x00000000f2180000,0x00000000f264e218,0x00000000f2e00000)
  to   space 12800K, 0% used [0x00000000f1500000,0x00000000f1500000,0x00000000f2180000)
 ParOldGen       total 53760K, used 19164K [0x00000000b2e00000, 0x00000000b6280000, 0x00000000e6500000)
  object space 53760K, 35% used [0x00000000b2e00000,0x00000000b40b7110,0x00000000b6280000)
 Metaspace       used 27447K, capacity 27982K, committed 28208K, reserved 1075200K
  class space    used 3248K, capacity 3367K, committed 3376K, reserved 1048576K
}
Event: 10.539 GC heap before
{Heap before GC invocations=12 (full 1):
 PSYoungGen      total 193024K, used 185144K [0x00000000e6500000, 0x00000000f5c00000, 0x0000000100000000)
  eden space 180224K, 100% used [0x00000000e6500000,0x00000000f1500000,0x00000000f1500000)
  from space 12800K, 38% used [0x00000000f2180000,0x00000000f264e218,0x00000000f2e00000)
  to   space 12800K, 0% used [0x00000000f1500000,0x00000000f1500000,0x00000000f2180000)
 ParOldGen       total 53760K, used 19164K [0x00000000b2e00000, 0x00000000b6280000, 0x00000000e6500000)
  object space 53760K, 35% used [0x00000000b2e00000,0x00000000b40b7110,0x00000000b6280000)
 Metaspace       used 28708K, capacity 29312K, committed 29488K, reserved 1075200K
  class space    used 3392K, capacity 3550K, committed 3632K, reserved 1048576K
Event: 10.550 GC heap after
Heap after GC invocations=12 (full 1):
 PSYoungGen      total 193024K, used 2970K [0x00000000e6500000, 0x00000000f7400000, 0x0000000100000000)
  eden space 180224K, 0% used [0x00000000e6500000,0x00000000e6500000,0x00000000f1500000)
  from space 12800K, 23% used [0x00000000f1500000,0x00000000f17e6b00,0x00000000f2180000)
  to   space 12800K, 0% used [0x00000000f6780000,0x00000000f6780000,0x00000000f7400000)
 ParOldGen       total 53760K, used 23683K [0x00000000b2e00000, 0x00000000b6280000, 0x00000000e6500000)
  object space 53760K, 44% used [0x00000000b2e00000,0x00000000b4520fd0,0x00000000b6280000)
 Metaspace       used 28708K, capacity 29312K, committed 29488K, reserved 1075200K
  class space    used 3392K, capacity 3550K, committed 3632K, reserved 1048576K
}
Event: 10.813 GC heap before
{Heap before GC invocations=13 (full 1):
 PSYoungGen      total 193024K, used 183194K [0x00000000e6500000, 0x00000000f7400000, 0x0000000100000000)
  eden space 180224K, 100% used [0x00000000e6500000,0x00000000f1500000,0x00000000f1500000)
  from space 12800K, 23% used [0x00000000f1500000,0x00000000f17e6b00,0x00000000f2180000)
  to   space 12800K, 0% used [0x00000000f6780000,0x00000000f6780000,0x00000000f7400000)
 ParOldGen       total 53760K, used 23683K [0x00000000b2e00000, 0x00000000b6280000, 0x00000000e6500000)
  object space 53760K, 44% used [0x00000000b2e00000,0x00000000b4520fd0,0x00000000b6280000)
 Metaspace       used 28726K, capacity 29312K, committed 29488K, reserved 1075200K
  class space    used 3394K, capacity 3550K, committed 3632K, reserved 1048576K
Event: 10.836 GC heap after
Heap after GC invocations=13 (full 1):
 PSYoungGen      total 264704K, used 1152K [0x00000000e6500000, 0x00000000f7d80000, 0x0000000100000000)
  eden space 251904K, 0% used [0x00000000e6500000,0x00000000e6500000,0x00000000f5b00000)
  from space 12800K, 9% used [0x00000000f6780000,0x00000000f68a0000,0x00000000f7400000)
  to   space 12800K, 0% used [0x00000000f5b00000,0x00000000f5b00000,0x00000000f6780000)
 ParOldGen       total 53760K, used 26347K [0x00000000b2e00000, 0x00000000b6280000, 0x00000000e6500000)
  object space 53760K, 49% used [0x00000000b2e00000,0x00000000b47bafe0,0x00000000b6280000)
 Metaspace       used 28726K, capacity 29312K, committed 29488K, reserved 1075200K
  class space    used 3394K, capacity 3550K, committed 3632K, reserved 1048576K
}
Event: 12.207 GC heap before
{Heap before GC invocations=14 (full 1):
 PSYoungGen      total 264704K, used 253056K [0x00000000e6500000, 0x00000000f7d80000, 0x0000000100000000)
  eden space 251904K, 100% used [0x00000000e6500000,0x00000000f5b00000,0x00000000f5b00000)
  from space 12800K, 9% used [0x00000000f6780000,0x00000000f68a0000,0x00000000f7400000)
  to   space 12800K, 0% used [0x00000000f5b00000,0x00000000f5b00000,0x00000000f6780000)
 ParOldGen       total 53760K, used 26347K [0x00000000b2e00000, 0x00000000b6280000, 0x00000000e6500000)
  object space 53760K, 49% used [0x00000000b2e00000,0x00000000b47bafe0,0x00000000b6280000)
 Metaspace       used 31343K, capacity 32154K, committed 32432K, reserved 1077248K
  class space    used 3715K, capacity 3967K, committed 4016K, reserved 1048576K

