# JRE version: Java(TM) SE Runtime Environment (8.0_201-b09) (build 1.8.0_201-b09)
# Java VM: Java HotSpot(TM) 64-Bit Server VM (25.201-b09 mixed mode linux-amd64 compressed oops)
Heap:
 PSYoungGen      total 313344K, used 5763K [0x00000000e6500000, 0x00000000fa980000, 0x0000000100000000)
  eden space 299520K, 0% used [0x00000000e6500000,0x00000000e6500000,0x00000000f8980000)
  from space 13824K, 41% used [0x00000000f8980000,0x00000000f8f20cc8,0x00000000f9700000)
  to   space 13312K, 0% used [0x00000000f9700000,0x00000000f9700000,0x00000000fa400000)
 ParOldGen       total 50688K, used 29745K [0x00000000b2e00000, 0x00000000b5f80000, 0x00000000e6500000)
  object space 50688K, 58% used [0x00000000b2e00000,0x00000000b4b0c700,0x00000000b5f80000)
 Metaspace       used 34491K, capacity 35280K, committed 35456K, reserved 1081344K
  class space    used 4104K, capacity 4402K, committed 4480K, reserved 1048576K
GC Heap History (10 events):
Event: 11.932 GC heap after
Heap after GC invocations=9 (full 1):
 PSYoungGen      total 151552K, used 9143K [0x00000000e6500000, 0x00000000f1880000, 0x0000000100000000)
  eden space 142336K, 0% used [0x00000000e6500000,0x00000000e6500000,0x00000000ef000000)
  from space 9216K, 99% used [0x00000000f0f80000,0x00000000f186de00,0x00000000f1880000)
  to   space 11264K, 0% used [0x00000000f0280000,0x00000000f0280000,0x00000000f0d80000)
 ParOldGen       total 50688K, used 17010K [0x00000000b2e00000, 0x00000000b5f80000, 0x00000000e6500000)
  object space 50688K, 33% used [0x00000000b2e00000,0x00000000b3e9c890,0x00000000b5f80000)
 Metaspace       used 28782K, capacity 29378K, committed 29824K, reserved 1075200K
  class space    used 3460K, capacity 3659K, committed 3712K, reserved 1048576K
}
Event: 13.889 GC heap before
{Heap before GC invocations=10 (full 1):
 PSYoungGen      total 151552K, used 151479K [0x00000000e6500000, 0x00000000f1880000, 0x0000000100000000)
  eden space 142336K, 100% used [0x00000000e6500000,0x00000000ef000000,0x00000000ef000000)
  from space 9216K, 99% used [0x00000000f0f80000,0x00000000f186de00,0x00000000f1880000)
  to   space 11264K, 0% used [0x00000000f0280000,0x00000000f0280000,0x00000000f0d80000)
 ParOldGen       total 50688K, used 17010K [0x00000000b2e00000, 0x00000000b5f80000, 0x00000000e6500000)
  object space 50688K, 33% used [0x00000000b2e00000,0x00000000b3e9c890,0x00000000b5f80000)
 Metaspace       used 31752K, capacity 32368K, committed 32768K, reserved 1077248K
  class space    used 3804K, capacity 4032K, committed 4096K, reserved 1048576K
Event: 13.960 GC heap after
Heap after GC invocations=10 (full 1):
 PSYoungGen      total 172544K, used 11247K [0x00000000e6500000, 0x00000000f4900000, 0x0000000100000000)
  eden space 161280K, 0% used [0x00000000e6500000,0x00000000e6500000,0x00000000f0280000)
  from space 11264K, 99% used [0x00000000f0280000,0x00000000f0d7bdd0,0x00000000f0d80000)
  to   space 13312K, 0% used [0x00000000f3c00000,0x00000000f3c00000,0x00000000f4900000)
 ParOldGen       total 50688K, used 18711K [0x00000000b2e00000, 0x00000000b5f80000, 0x00000000e6500000)
  object space 50688K, 36% used [0x00000000b2e00000,0x00000000b4045ce8,0x00000000b5f80000)
 Metaspace       used 31752K, capacity 32368K, committed 32768K, reserved 1077248K
  class space    used 3804K, capacity 4032K, committed 4096K, reserved 1048576K
}
Event: 15.295 GC heap before
{Heap before GC invocations=11 (full 1):
 PSYoungGen      total 172544K, used 172527K [0x00000000e6500000, 0x00000000f4900000, 0x0000000100000000)
  eden space 161280K, 100% used [0x00000000e6500000,0x00000000f0280000,0x00000000f0280000)
  from space 11264K, 99% used [0x00000000f0280000,0x00000000f0d7bdd0,0x00000000f0d80000)
  to   space 13312K, 0% used [0x00000000f3c00000,0x00000000f3c00000,0x00000000f4900000)
 ParOldGen       total 50688K, used 18711K [0x00000000b2e00000, 0x00000000b5f80000, 0x00000000e6500000)
  object space 50688K, 36% used [0x00000000b2e00000,0x00000000b4045ce8,0x00000000b5f80000)
 Metaspace       used 31844K, capacity 32432K, committed 32768K, reserved 1077248K
  class space    used 3804K, capacity 4032K, committed 4096K, reserved 1048576K
Event: 15.343 GC heap after
Heap after GC invocations=11 (full 1):
 PSYoungGen      total 220672K, used 7832K [0x00000000e6500000, 0x00000000f6380000, 0x0000000100000000)
  eden space 207360K, 0% used [0x00000000e6500000,0x00000000e6500000,0x00000000f2f80000)
  from space 13312K, 58% used [0x00000000f3c00000,0x00000000f43a6248,0x00000000f4900000)
  to   space 12800K, 0% used [0x00000000f2f80000,0x00000000f2f80000,0x00000000f3c00000)
 ParOldGen       total 50688K, used 21253K [0x00000000b2e00000, 0x00000000b5f80000, 0x00000000e6500000)
  object space 50688K, 41% used [0x00000000b2e00000,0x00000000b42c1540,0x00000000b5f80000)
 Metaspace       used 31844K, capacity 32432K, committed 32768K, reserved 1077248K
  class space    used 3804K, capacity 4032K, committed 4096K, reserved 1048576K
}
Event: 16.510 GC heap before
{Heap before GC invocations=12 (full 1):
 PSYoungGen      total 220672K, used 215192K [0x00000000e6500000, 0x00000000f6380000, 0x0000000100000000)
  eden space 207360K, 100% used [0x00000000e6500000,0x00000000f2f80000,0x00000000f2f80000)
  from space 13312K, 58% used [0x00000000f3c00000,0x00000000f43a6248,0x00000000f4900000)
  to   space 12800K, 0% used [0x00000000f2f80000,0x00000000f2f80000,0x00000000f3c00000)
 ParOldGen       total 50688K, used 21253K [0x00000000b2e00000, 0x00000000b5f80000, 0x00000000e6500000)
  object space 50688K, 41% used [0x00000000b2e00000,0x00000000b42c1540,0x00000000b5f80000)
 Metaspace       used 32414K, capacity 33110K, committed 33280K, reserved 1079296K
  class space    used 3862K, capacity 4081K, committed 4096K, reserved 1048576K
Event: 16.536 GC heap after
Heap after GC invocations=12 (full 1):
 PSYoungGen      total 220160K, used 3098K [0x00000000e6500000, 0x00000000fa400000, 0x0000000100000000)
  eden space 207360K, 0% used [0x00000000e6500000,0x00000000e6500000,0x00000000f2f80000)
  from space 12800K, 24% used [0x00000000f2f80000,0x00000000f3286b00,0x00000000f3c00000)
  to   space 13312K, 0% used [0x00000000f9700000,0x00000000f9700000,0x00000000fa400000)
 ParOldGen       total 50688K, used 25928K [0x00000000b2e00000, 0x00000000b5f80000, 0x00000000e6500000)
  object space 50688K, 51% used [0x00000000b2e00000,0x00000000b4752098,0x00000000b5f80000)
 Metaspace       used 32414K, capacity 33110K, committed 33280K, reserved 1079296K
  class space    used 3862K, capacity 4081K, committed 4096K, reserved 1048576K
}
Event: 16.946 GC heap before
{Heap before GC invocations=13 (full 1):
 PSYoungGen      total 220160K, used 210458K [0x00000000e6500000, 0x00000000fa400000, 0x0000000100000000)
  eden space 207360K, 100% used [0x00000000e6500000,0x00000000f2f80000,0x00000000f2f80000)
  from space 12800K, 24% used [0x00000000f2f80000,0x00000000f3286b00,0x00000000f3c00000)
  to   space 13312K, 0% used [0x00000000f9700000,0x00000000f9700000,0x00000000fa400000)
 ParOldGen       total 50688K, used 25928K [0x00000000b2e00000, 0x00000000b5f80000, 0x00000000e6500000)
  object space 50688K, 51% used [0x00000000b2e00000,0x00000000b4752098,0x00000000b5f80000)
 Metaspace       used 32436K, capacity 33110K, committed 33280K, reserved 1079296K
  class space    used 3863K, capacity 4081K, committed 4096K, reserved 1048576K
Event: 16.968 GC heap after
Heap after GC invocations=13 (full 1):
 PSYoungGen      total 312832K, used 1248K [0x00000000e6500000, 0x00000000fa980000, 0x0000000100000000)
  eden space 299520K, 0% used [0x00000000e6500000,0x00000000e6500000,0x00000000f8980000)
  from space 13312K, 9% used [0x00000000f9700000,0x00000000f9838010,0x00000000fa400000)
  to   space 13824K, 0% used [0x00000000f8980000,0x00000000f8980000,0x00000000f9700000)
 ParOldGen       total 50688K, used 28648K [0x00000000b2e00000, 0x00000000b5f80000, 0x00000000e6500000)
  object space 50688K, 56% used [0x00000000b2e00000,0x00000000b49fa0a8,0x00000000b5f80000)
 Metaspace       used 32436K, capacity 33110K, committed 33280K, reserved 1079296K
  class space    used 3863K, capacity 4081K, committed 4096K, reserved 1048576K
}
Event: 27.081 GC heap before
{Heap before GC invocations=14 (full 1):
 PSYoungGen      total 312832K, used 249921K [0x00000000e6500000, 0x00000000fa980000, 0x0000000100000000)
  eden space 299520K, 83% used [0x00000000e6500000,0x00000000f57d8678,0x00000000f8980000)
  from space 13312K, 9% used [0x00000000f9700000,0x00000000f9838010,0x00000000fa400000)
  to   space 13824K, 0% used [0x00000000f8980000,0x00000000f8980000,0x00000000f9700000)
 ParOldGen       total 50688K, used 28648K [0x00000000b2e00000, 0x00000000b5f80000, 0x00000000e6500000)
  object space 50688K, 56% used [0x00000000b2e00000,0x00000000b49fa0a8,0x00000000b5f80000)
 Metaspace       used 34491K, capacity 35280K, committed 35456K, reserved 1081344K
  class space    used 4104K, capacity 4402K, committed 4480K, reserved 1048576K

